[17:03:27] [ServerMain/INFO]: Environment: Environment[sessionHost=https://sessionserver.mojang.com, servicesHost=https://api.minecraftservices.com, profilesHost=https://api.mojang.com, name=PROD]
[17:03:28] [ServerMain/INFO]: Loaded 1515 recipes
[17:03:29] [Server thread/INFO]: Starting minecraft server version 26.1.2
[17:03:29] [Server thread/INFO]: Loading properties
[17:03:29] [Server thread/INFO]: This server is running Spigot version 4621-Spigot-566f972-3347052 (MC: 26.1.2) (Implementing API version 26.1.2-R0.1-SNAPSHOT)
[17:03:29] [Server thread/INFO]: *** This version of Spigot contains changes to some enums. If you notice that plugins no longer work after updating, please report this to the developers of those plugins first. ***
[17:03:29] [Server thread/INFO]: *** If you cannot update those plugins, you can try setting `settings.compatibility.enum-compatibility-mode` to `true` in `bukkit.yml`. ***
[17:03:29] [Server thread/INFO]: Debug logging is disabled
[17:03:29] [Server thread/INFO]: Server Ping Player Sample Count: 12
[17:03:29] [Server thread/INFO]: Using 4 threads for Netty based IO
[17:03:29] [Server thread/INFO]: Default game type: SURVIVAL
[17:03:29] [Server thread/INFO]: Generating keypair
[17:03:29] [Server thread/INFO]: Starting Minecraft server on *:12345
[17:03:30] [Server thread/INFO]: [connect] Loading connect v0.7.2
[17:03:31] [Server thread/INFO]: [connect] Took 1,414ms to boot Connect
[17:03:31] [Server thread/INFO]: Preparing level "world"
[17:03:31] [Server thread/INFO]: -------- World Settings For [world] --------
[17:03:31] [Server thread/INFO]: Entity Activation Range: An 32 / Mo 32 / Ra 48 / Mi 16 / Tiv true / Isa false
[17:03:31] [Server thread/INFO]: Item Merge Radius: 2.5
[17:03:31] [Server thread/INFO]: View Distance: 10
[17:03:31] [Server thread/INFO]: Simulation Distance: 10
[17:03:31] [Server thread/INFO]: Arrow Despawn Rate: 1200 Trident Respawn Rate:1200
[17:03:31] [Server thread/INFO]: Item Despawn Rate: 6000
[17:03:31] [Server thread/INFO]: Allow Zombie Pigmen to spawn from portal blocks: true
[17:03:31] [Server thread/INFO]: Nerfing mobs spawned from spawners: false
[17:03:31] [Server thread/INFO]: Mob Spawn Range: 6
[17:03:31] [Server thread/INFO]: Entity Tracking Range: Pl 48 / An 48 / Mo 48 / Mi 32 / Di 128 / Other 64
[17:03:31] [Server thread/INFO]: Tile Max Tick Time: 50ms Entity max Tick Time: 50ms
[17:03:31] [Server thread/INFO]: Cactus Growth Modifier: 100%
[17:03:31] [Server thread/INFO]: Cane Growth Modifier: 100%
[17:03:31] [Server thread/INFO]: Melon Growth Modifier: 100%
[17:03:31] [Server thread/INFO]: Mushroom Growth Modifier: 100%
[17:03:31] [Server thread/INFO]: Pumpkin Growth Modifier: 100%
[17:03:31] [Server thread/INFO]: Sapling Growth Modifier: 100%
[17:03:31] [Server thread/INFO]: Beetroot Growth Modifier: 100%
[17:03:31] [Server thread/INFO]: Carrot Growth Modifier: 100%
[17:03:31] [Server thread/INFO]: Potato Growth Modifier: 100%
[17:03:31] [Server thread/INFO]: Wheat Growth Modifier: 100%
[17:03:31] [Server thread/INFO]: NetherWart Growth Modifier: 100%
[17:03:31] [Server thread/INFO]: Vine Growth Modifier: 100%
[17:03:31] [Server thread/INFO]: Cocoa Growth Modifier: 100%
[17:03:31] [Server thread/INFO]: Bamboo Growth Modifier: 100%
[17:03:31] [Server thread/INFO]: SweetBerry Growth Modifier: 100%
[17:03:31] [Server thread/INFO]: Kelp Growth Modifier: 100%
[17:03:31] [Server thread/INFO]: TwistingVines Growth Modifier: 100%
[17:03:31] [Server thread/INFO]: WeepingVines Growth Modifier: 100%
[17:03:31] [Server thread/INFO]: CaveVines Growth Modifier: 100%
[17:03:31] [Server thread/INFO]: Max TNT Explosions: 100
[17:03:31] [Server thread/INFO]: Custom Map Seeds:  Village: 10387312 Desert: 14357617 Igloo: 14357618 Jungle: 14357619 Swamp: 14357620 Monument: 10387313 Ocean: 14357621 Shipwreck: 165745295 End City: 10387313 Slime: 987234911 Nether: 30084232 Mansion: 10387319 Fossil: 14357921 Portal: 34222645
[17:03:31] [Server thread/INFO]: Zombie Aggressive Towards Villager: true
[17:03:31] [Server thread/INFO]: Experience Merge Radius: 3.0
[17:03:31] [Server thread/INFO]: Hopper Transfer: 8 Hopper Check: 1 Hopper Amount: 1 Hopper Can Load Chunks: false
[17:03:31] [Server thread/INFO]: -------- World Settings For [world_nether] --------
[17:03:31] [Server thread/INFO]: Entity Activation Range: An 32 / Mo 32 / Ra 48 / Mi 16 / Tiv true / Isa false
[17:03:31] [Server thread/INFO]: Item Merge Radius: 2.5
[17:03:31] [Server thread/INFO]: View Distance: 10
[17:03:31] [Server thread/INFO]: Simulation Distance: 10
[17:03:31] [Server thread/INFO]: Arrow Despawn Rate: 1200 Trident Respawn Rate:1200
[17:03:31] [Server thread/INFO]: Item Despawn Rate: 6000
[17:03:31] [Server thread/INFO]: Allow Zombie Pigmen to spawn from portal blocks: true
[17:03:31] [Server thread/INFO]: Nerfing mobs spawned from spawners: false
[17:03:31] [Server thread/INFO]: Mob Spawn Range: 6
[17:03:31] [Server thread/INFO]: Entity Tracking Range: Pl 48 / An 48 / Mo 48 / Mi 32 / Di 128 / Other 64
[17:03:31] [Server thread/INFO]: Tile Max Tick Time: 50ms Entity max Tick Time: 50ms
[17:03:31] [Server thread/INFO]: Cactus Growth Modifier: 100%
[17:03:31] [Server thread/INFO]: Cane Growth Modifier: 100%
[17:03:31] [Server thread/INFO]: Melon Growth Modifier: 100%
[17:03:31] [Server thread/INFO]: Mushroom Growth Modifier: 100%
[17:03:31] [Server thread/INFO]: Pumpkin Growth Modifier: 100%
[17:03:31] [Server thread/INFO]: Sapling Growth Modifier: 100%
[17:03:31] [Server thread/INFO]: Beetroot Growth Modifier: 100%
[17:03:31] [Server thread/INFO]: Carrot Growth Modifier: 100%
[17:03:31] [Server thread/INFO]: Potato Growth Modifier: 100%
[17:03:31] [Server thread/INFO]: Wheat Growth Modifier: 100%
[17:03:31] [Server thread/INFO]: NetherWart Growth Modifier: 100%
[17:03:31] [Server thread/INFO]: Vine Growth Modifier: 100%
[17:03:31] [Server thread/INFO]: Cocoa Growth Modifier: 100%
[17:03:31] [Server thread/INFO]: Bamboo Growth Modifier: 100%
[17:03:31] [Server thread/INFO]: SweetBerry Growth Modifier: 100%
[17:03:31] [Server thread/INFO]: Kelp Growth Modifier: 100%
[17:03:31] [Server thread/INFO]: TwistingVines Growth Modifier: 100%
[17:03:31] [Server thread/INFO]: WeepingVines Growth Modifier: 100%
[17:03:31] [Server thread/INFO]: CaveVines Growth Modifier: 100%
[17:03:31] [Server thread/INFO]: Max TNT Explosions: 100
[17:03:31] [Server thread/INFO]: Custom Map Seeds:  Village: 10387312 Desert: 14357617 Igloo: 14357618 Jungle: 14357619 Swamp: 14357620 Monument: 10387313 Ocean: 14357621 Shipwreck: 165745295 End City: 10387313 Slime: 987234911 Nether: 30084232 Mansion: 10387319 Fossil: 14357921 Portal: 34222645
[17:03:31] [Server thread/INFO]: Zombie Aggressive Towards Villager: true
[17:03:31] [Server thread/INFO]: Experience Merge Radius: 3.0
[17:03:31] [Server thread/INFO]: Hopper Transfer: 8 Hopper Check: 1 Hopper Amount: 1 Hopper Can Load Chunks: false
[17:03:32] [Server thread/INFO]: -------- World Settings For [world_the_end] --------
[17:03:32] [Server thread/INFO]: Entity Activation Range: An 32 / Mo 32 / Ra 48 / Mi 16 / Tiv true / Isa false
[17:03:32] [Server thread/INFO]: Item Merge Radius: 2.5
[17:03:32] [Server thread/INFO]: View Distance: 10
[17:03:32] [Server thread/INFO]: Simulation Distance: 10
[17:03:32] [Server thread/INFO]: Arrow Despawn Rate: 1200 Trident Respawn Rate:1200
[17:03:32] [Server thread/INFO]: Item Despawn Rate: 6000
[17:03:32] [Server thread/INFO]: Allow Zombie Pigmen to spawn from portal blocks: true
[17:03:32] [Server thread/INFO]: Nerfing mobs spawned from spawners: false
[17:03:32] [Server thread/INFO]: Mob Spawn Range: 6
[17:03:32] [Server thread/INFO]: Entity Tracking Range: Pl 48 / An 48 / Mo 48 / Mi 32 / Di 128 / Other 64
[17:03:32] [Server thread/INFO]: Tile Max Tick Time: 50ms Entity max Tick Time: 50ms
[17:03:32] [Server thread/INFO]: Cactus Growth Modifier: 100%
[17:03:32] [Server thread/INFO]: Cane Growth Modifier: 100%
[17:03:32] [Server thread/INFO]: Melon Growth Modifier: 100%
[17:03:32] [Server thread/INFO]: Mushroom Growth Modifier: 100%
[17:03:32] [Server thread/INFO]: Pumpkin Growth Modifier: 100%
[17:03:32] [Server thread/INFO]: Sapling Growth Modifier: 100%
[17:03:32] [Server thread/INFO]: Beetroot Growth Modifier: 100%
[17:03:32] [Server thread/INFO]: Carrot Growth Modifier: 100%
[17:03:32] [Server thread/INFO]: Potato Growth Modifier: 100%
[17:03:32] [Server thread/INFO]: Wheat Growth Modifier: 100%
[17:03:32] [Server thread/INFO]: NetherWart Growth Modifier: 100%
[17:03:32] [Server thread/INFO]: Vine Growth Modifier: 100%
[17:03:32] [Server thread/INFO]: Cocoa Growth Modifier: 100%
[17:03:32] [Server thread/INFO]: Bamboo Growth Modifier: 100%
[17:03:32] [Server thread/INFO]: SweetBerry Growth Modifier: 100%
[17:03:32] [Server thread/INFO]: Kelp Growth Modifier: 100%
[17:03:32] [Server thread/INFO]: TwistingVines Growth Modifier: 100%
[17:03:32] [Server thread/INFO]: WeepingVines Growth Modifier: 100%
[17:03:32] [Server thread/INFO]: CaveVines Growth Modifier: 100%
[17:03:32] [Server thread/INFO]: Max TNT Explosions: 100
[17:03:32] [Server thread/INFO]: Custom Map Seeds:  Village: 10387312 Desert: 14357617 Igloo: 14357618 Jungle: 14357619 Swamp: 14357620 Monument: 10387313 Ocean: 14357621 Shipwreck: 165745295 End City: 10387313 Slime: 987234911 Nether: 30084232 Mansion: 10387319 Fossil: 14357921 Portal: 34222645
[17:03:32] [Server thread/INFO]: Zombie Aggressive Towards Villager: true
[17:03:32] [Server thread/INFO]: Experience Merge Radius: 3.0
[17:03:32] [Server thread/INFO]: Hopper Transfer: 8 Hopper Check: 1 Hopper Amount: 1 Hopper Can Load Chunks: false
[17:03:32] [Server thread/INFO]: Loading 0 persistent chunks...
[17:03:32] [Server thread/INFO]: Preparing spawn area: 100%
[17:03:32] [Server thread/INFO]: Time elapsed: 10 ms
[17:03:32] [Server thread/INFO]: [connect] Enabling connect v0.7.2
[17:03:32] [Server thread/ERROR]: Error occurred while enabling connect v0.7.2 (Is it up to date?)
java.lang.ExceptionInInitializerError
	at com.minekube.connect.inject.spigot.SpigotInjector.getServerConnection(SpigotInjector.java:178)
	at com.minekube.connect.inject.spigot.SpigotInjector.inject(SpigotInjector.java:100)
	at com.minekube.connect.ConnectPlatform.enable(ConnectPlatform.java:112)
	at com.minekube.connect.SpigotPlatform.enable(SpigotPlatform.java:48)
	at com.minekube.connect.SpigotPlugin.onEnable(SpigotPlugin.java:67)
	at org.bukkit.plugin.java.JavaPlugin.setEnabled(JavaPlugin.java:267)
	at org.bukkit.plugin.java.JavaPluginLoader.enablePlugin(JavaPluginLoader.java:342)
	at org.bukkit.plugin.SimplePluginManager.enablePlugin(SimplePluginManager.java:492)
	at org.bukkit.craftbukkit.CraftServer.enablePlugin(CraftServer.java:584)
	at org.bukkit.craftbukkit.CraftServer.enablePlugins(CraftServer.java:498)
	at net.minecraft.server.MinecraftServer.loadWorld0(MinecraftServer.java:720)
	at net.minecraft.server.MinecraftServer.loadLevel(MinecraftServer.java:515)
	at net.minecraft.server.dedicated.DedicatedServer.initServer(DedicatedServer.java:373)
	at net.minecraft.server.MinecraftServer.runServer(MinecraftServer.java:1091)
	at net.minecraft.server.MinecraftServer.lambda$spin$0(MinecraftServer.java:358)
	at java.base/java.lang.Thread.run(Thread.java:1474)
Caused by: java.lang.IllegalStateException: java.lang.ClassNotFoundException: net.minecraft.server.ServerConnection
	at com.minekube.connect.util.ReflectionUtils.getClassOrThrow(ReflectionUtils.java:112)
	at com.minekube.connect.util.ClassNames.getClassOrFallback(ClassNames.java:356)
	at com.minekube.connect.util.ClassNames.<clinit>(ClassNames.java:123)
	... 16 more
Caused by: java.lang.ClassNotFoundException: net.minecraft.server.ServerConnection
	at org.bukkit.plugin.java.PluginClassLoader.loadClass0(PluginClassLoader.java:160)
	at org.bukkit.plugin.java.PluginClassLoader.loadClass(PluginClassLoader.java:112)
	at java.base/java.lang.ClassLoader.loadClass(ClassLoader.java:490)
	at java.base/java.lang.Class.forName0(Native Method)
	at java.base/java.lang.Class.forName(Class.java:467)
	at java.base/java.lang.Class.forName(Class.java:458)
	at com.minekube.connect.util.ReflectionUtils.getClassOrThrow(ReflectionUtils.java:110)
	... 18 more
[17:03:32] [Server thread/INFO]: Server permissions file permissions.yml is empty, ignoring it
[17:03:32] [Server thread/INFO]: Done (0.581s)! For help, type "help"
[17:03:32] [Server thread/INFO]: Saving chunks for level 'ServerLevel[world]'/minecraft:overworld
[17:03:32] [Server thread/INFO]: Saving chunks for level 'ServerLevel[world_nether]'/minecraft:the_nether
[17:03:32] [Server thread/INFO]: Saving chunks for level 'ServerLevel[world_the_end]'/minecraft:the_end
[17:03:32] [Server thread/INFO]: ThreadedAnvilChunkStorage (world): All chunks are saved
[17:03:32] [Server thread/INFO]: ThreadedAnvilChunkStorage (DIM-1): All chunks are saved
[17:03:32] [Server thread/INFO]: ThreadedAnvilChunkStorage (DIM1): All chunks are saved
[17:03:32] [Server thread/INFO]: ThreadedAnvilChunkStorage: All dimensions are saved
[17:04:02] [User Authenticator #1/INFO]: UUID of player Blub1524 is 3ff98e20-9f48-45e6-b58b-6b810a5dfee3
[17:04:03] [Server thread/INFO]: Blub1524 joined the game
[17:04:03] [Server thread/INFO]: Blub1524[/192.168.17.1:64743] logged in with entity id 1 at ([world]-167.48867709101117, 63.9375, -177.89685572688865)
[17:16:57] [Server thread/INFO]: Blub1524 has made the advancement [Fishy Business]
[17:21:20] [Server thread/INFO]: Blub1524 lost connection: Disconnected
[17:21:20] [Server thread/INFO]: Blub1524 left the game
[17:21:32] [Server thread/INFO]: Stopping the server
[17:21:32] [Server thread/INFO]: Stopping server
[17:21:32] [Server thread/INFO]: [connect] Disabling connect v0.7.2
[17:21:32] [Server thread/INFO]: [connect] Stopped watching for sessions
[17:21:32] [OkHttp Dispatcher/WARN]: Exception in thread "OkHttp Dispatcher" java.lang.IllegalStateException: zip file closed
[17:21:32] [OkHttp Dispatcher/WARN]: 	at java.base/java.util.zip.ZipFile.ensureOpen(ZipFile.java:826)
[17:21:32] [OkHttp Dispatcher/WARN]: 	at java.base/java.util.zip.ZipFile.getEntry(ZipFile.java:290)
[17:21:32] [OkHttp Dispatcher/WARN]: 	at java.base/java.util.jar.JarFile.getEntry(JarFile.java:505)
[17:21:32] [OkHttp Dispatcher/WARN]: 	at java.base/java.util.jar.JarFile.getJarEntry(JarFile.java:460)
[17:21:32] [OkHttp Dispatcher/WARN]: 	at org.bukkit.plugin.java.PluginClassLoader.findClass(PluginClassLoader.java:172)
[17:21:32] [OkHttp Dispatcher/WARN]: 	at java.base/java.lang.ClassLoader.loadClass(ClassLoader.java:557)
[17:21:32] [OkHttp Dispatcher/WARN]: 	at org.bukkit.plugin.java.PluginClassLoader.loadClass0(PluginClassLoader.java:117)
[17:21:32] [OkHttp Dispatcher/WARN]: 	at org.bukkit.plugin.java.PluginClassLoader.loadClass(PluginClassLoader.java:112)
[17:21:32] [OkHttp Dispatcher/WARN]: 	at java.base/java.lang.ClassLoader.loadClass(ClassLoader.java:490)
[17:21:32] [OkHttp Dispatcher/WARN]: 	at okhttp3.internal.connection.RealCall$AsyncCall.run(RealCall.kt:531)
[17:21:32] [OkHttp Dispatcher/WARN]: 	at java.base/java.util.concurrent.ThreadPoolExecutor.runWorker(ThreadPoolExecutor.java:1090)
[17:21:32] [OkHttp Dispatcher/WARN]: 	at java.base/java.util.concurrent.ThreadPoolExecutor$Worker.run(ThreadPoolExecutor.java:614)
[17:21:32] [OkHttp Dispatcher/WARN]: 	at java.base/java.lang.Thread.run(Thread.java:1474)
[17:21:32] [Server thread/INFO]: Saving players
[17:21:33] [Server thread/INFO]: Saving worlds
[17:21:33] [Server thread/INFO]: Saving chunks for level 'ServerLevel[world]'/minecraft:overworld
[17:21:33] [Server thread/INFO]: Saving chunks for level 'ServerLevel[world_nether]'/minecraft:the_nether
[17:21:33] [Server thread/INFO]: Saving chunks for level 'ServerLevel[world_the_end]'/minecraft:the_end
[17:21:33] [Server thread/INFO]: ThreadedAnvilChunkStorage (world): All chunks are saved
[17:21:33] [Server thread/INFO]: ThreadedAnvilChunkStorage (DIM-1): All chunks are saved
[17:21:33] [Server thread/INFO]: ThreadedAnvilChunkStorage (DIM1): All chunks are saved
[17:21:33] [Server thread/INFO]: ThreadedAnvilChunkStorage: All dimensions are saved
